<?xml version="1.0" encoding="UTF-8"?>
<testsuite xmlns:xsi="http://www.w3.org/2001/XMLSchema-instance" xsi:noNamespaceSchemaLocation="https://maven.apache.org/surefire/maven-surefire-plugin/xsd/surefire-test-report.xsd" name="com.mycompany.mule.extension.xyz.XyzOperationsTestCase" time="10.279" tests="2" errors="0" skipped="0" failures="0">
  <properties>
[...]
</properties>
  <testcase name="executeRetrieveOperation" classname="com.mycompany.mule.extension.xyz.XyzOperationsTestCase" time="3.845"/>
  <testcase name="executeStoreOperation" classname="com.mycompany.mule.extension.xyz.XyzOperationsTestCase" time="2.1"/>
</testsuite>